\BOOKMARK [0][-]{chapter.1}{\376\377\000M\000a\000r\000c\000h\000e\000\040\000a\000l\000\351\000a\000t\000o\000i\000r\000e\000\040\000e\000t\000\040\000M\000a\000r\000t\000i\000n\000g\000a\000l\000e\000\040\000\340\000\040\000t\000e\000m\000p\000s\000\040\000d\000i\000s\000c\000r\000e\000t}{}% 1
\BOOKMARK [1][-]{section.1.1}{\376\377\000L\000a\000\040\000m\000a\000r\000c\000h\000e\000\040\000a\000l\000\351\000a\000t\000o\000i\000r\000e\000\040\000e\000t\000\040\000l\000e\000\040\000p\000r\000o\000b\000l\000\350\000m\000e\000\040\000d\000e\000\040\000l\000a\000\040\000d\000o\000u\000b\000l\000e\000\040\000d\000\351\000p\000e\000n\000s\000e}{chapter.1}% 2
\BOOKMARK [2][-]{subsection.1.1.1}{\376\377\000B\000l\000o\000c\000k\000c\000h\000a\000i\000n\000,\000\040\000c\000r\000y\000p\000t\000o\000m\000o\000n\000n\000a\000i\000e\000\040\000e\000t\000\040\000d\000o\000u\000b\000l\000e\000\040\000d\000\351\000p\000e\000n\000s\000e}{section.1.1}% 3
\BOOKMARK [2][-]{subsection.1.1.2}{\376\377\000L\000a\000\040\000m\000a\000r\000c\000h\000e\000\040\000a\000l\000\351\000a\000t\000o\000i\000r\000e\000\040\000s\000u\000r\000\040\000Z}{section.1.1}% 4
\BOOKMARK [2][-]{subsection.1.1.3}{\376\377\000F\000i\000l\000t\000r\000a\000t\000i\000o\000n\000,\000\040\000c\000h\000a\000i\000n\000e\000\040\000d\000e\000\040\000M\000a\000r\000k\000o\000v\000\040\000e\000t\000\040\000t\000e\000m\000p\000s\000\040\000d\000'\000a\000r\000r\000\352\000t}{section.1.1}% 5
\BOOKMARK [2][-]{subsection.1.1.4}{\376\377\000L\000o\000i\000\040\000i\000n\000v\000a\000r\000i\000a\000n\000t\000e\000,\000\040\000r\000\351\000c\000u\000r\000r\000e\000n\000c\000e\000\040\000e\000t\000\040\000l\000o\000i\000\040\000s\000t\000a\000t\000i\000o\000n\000n\000a\000i\000r\000e}{section.1.1}% 6
\BOOKMARK [1][-]{section.1.2}{\376\377\000U\000n\000e\000\040\000m\000a\000r\000c\000h\000e\000\040\000a\000l\000\351\000a\000t\000o\000i\000r\000e\000\040\000p\000l\000u\000s\000\040\000g\000\351\000n\000\351\000r\000a\000l\000e\000\040\000e\000t\000\040\000l\000e\000\040\000m\000o\000d\000\350\000l\000e\000\040\000d\000e\000\040\000r\000u\000i\000n\000e\000\040\000\340\000\040\000t\000e\000m\000p\000s\000\040\000d\000i\000s\000c\000r\000e\000t}{chapter.1}% 7
\BOOKMARK [2][-]{subsection.1.2.1}{\376\377\000D\000\351\000f\000i\000n\000i\000t\000i\000o\000n}{section.1.2}% 8
\BOOKMARK [2][-]{subsection.1.2.2}{\376\377\000M\000a\000r\000t\000i\000n\000g\000a\000l\000e\000\040\000\340\000\040\000t\000e\000m\000p\000s\000\040\000d\000i\000s\000c\000r\000e\000t}{section.1.2}% 9
\BOOKMARK [2][-]{subsection.1.2.3}{\376\377\000P\000r\000o\000b\000a\000b\000i\000l\000i\000t\000\351\000\040\000d\000e\000\040\000r\000u\000i\000n\000e\000\040\000d\000a\000n\000s\000\040\000l\000e\000\040\000m\000o\000d\000\350\000l\000e\000\040\000d\000e\000\040\000r\000i\000s\000q\000u\000e\000\040\000\340\000\040\000t\000e\000m\000p\000s\000\040\000d\000i\000s\000c\000r\000e\000t}{section.1.2}% 10
\BOOKMARK [0][-]{chapter.2}{\376\377\000P\000r\000o\000c\000e\000s\000s\000u\000s\000\040\000e\000t\000\040\000m\000a\000r\000t\000i\000n\000g\000a\000l\000e\000\040\000e\000n\000\040\000t\000e\000m\000p\000s\000\040\000c\000o\000n\000t\000i\000n\000u}{}% 11
\BOOKMARK [1][-]{section.2.1}{\376\377\000L\000e\000\040\000m\000o\000d\000\350\000l\000e\000\040\000d\000e\000\040\000r\000u\000i\000n\000e\000\040\000d\000e\000\040\000C\000r\000a\000m\000e\000r\000-\000L\000u\000n\000d\000b\000e\000r\000g}{chapter.2}% 12
\BOOKMARK [1][-]{section.2.2}{\376\377\000G\000\351\000n\000\351\000r\000a\000l\000i\000t\000\351\000s\000\040\000s\000u\000r\000\040\000l\000e\000s\000\040\000p\000r\000o\000c\000e\000s\000s\000u\000s\000\040\000e\000n\000\040\000t\000e\000m\000p\000s\000\040\000c\000o\000n\000t\000i\000n\000u}{chapter.2}% 13
\BOOKMARK [2][-]{subsection.2.2.1}{\376\377\000D\000\351\000f\000i\000n\000i\000t\000i\000o\000n\000s}{section.2.2}% 14
\BOOKMARK [2][-]{subsection.2.2.2}{\376\377\000P\000r\000o\000p\000r\000i\000\351\000t\000\351\000s\000\040\000f\000o\000n\000c\000t\000i\000o\000n\000n\000e\000l\000l\000e\000s}{section.2.2}% 15
\BOOKMARK [1][-]{section.2.3}{\376\377\000T\000e\000m\000p\000s\000\040\000d\000'\000a\000r\000r\000\352\000t}{chapter.2}% 16
\BOOKMARK [1][-]{section.2.4}{\376\377\000M\000a\000r\000t\000i\000n\000g\000a\000l\000e}{chapter.2}% 17
\BOOKMARK [1][-]{section.2.5}{\376\377\000P\000r\000o\000c\000e\000s\000s\000u\000s\000\040\000d\000e\000\040\000L\000\351\000v\000y}{chapter.2}% 18
\BOOKMARK [2][-]{subsection.2.5.1}{\376\377\000D\000\351\000f\000i\000n\000i\000t\000i\000o\000n\000s}{section.2.5}% 19
\BOOKMARK [2][-]{subsection.2.5.2}{\376\377\000A\000p\000p\000l\000i\000c\000a\000t\000i\000o\000n\000\040\000\340\000\040\000l\000'\000\351\000t\000u\000d\000e\000\040\000d\000u\000\040\000p\000r\000o\000c\000e\000s\000s\000u\000s\000\040\000d\000e\000\040\000C\000r\000a\000m\000e\000r\000-\000L\000u\000n\000d\000b\000e\000r\000g}{section.2.5}% 20
\BOOKMARK [0][-]{chapter.3}{\376\377\000C\000h\000a\000i\000n\000e\000\040\000d\000e\000\040\000M\000a\000r\000k\000o\000v\000\040\000e\000n\000\040\000t\000e\000m\000p\000s\000\040\000c\000o\000n\000t\000i\000n\000u}{}% 21
\BOOKMARK [1][-]{section.3.1}{\376\377\000D\000e\000f\000i\000n\000i\000t\000i\000o\000n}{chapter.3}% 22
\BOOKMARK [1][-]{section.3.2}{\376\377\000P\000r\000o\000p\000r\000i\000\351\000t\000\351\000s}{chapter.3}% 23
\BOOKMARK [1][-]{section.3.3}{\376\377\000L\000e\000\040\000g\000\351\000n\000\351\000r\000a\000t\000e\000u\000r\000\040\000i\000n\000f\000i\000n\000i\000t\000\351\000s\000i\000m\000a\000l}{chapter.3}% 24
\BOOKMARK [1][-]{section.3.4}{\376\377\000C\000o\000m\000p\000o\000r\000t\000e\000m\000e\000n\000t\000\040\000a\000s\000y\000m\000p\000t\000o\000t\000i\000q\000u\000e}{chapter.3}% 25
\BOOKMARK [1][-]{section.3.5}{\376\377\000P\000r\000o\000c\000e\000s\000s\000u\000s\000\040\000d\000e\000\040\000n\000a\000i\000s\000s\000a\000n\000c\000e\000-\000m\000o\000r\000t}{chapter.3}% 26
\BOOKMARK [1][-]{section.3.6}{\376\377\000T\000h\000\351\000o\000r\000i\000e\000\040\000d\000e\000s\000\040\000f\000i\000l\000e\000s\000\040\000d\000'\000a\000t\000t\000e\000n\000t\000e\000\040\000e\000t\000\040\000l\000o\000i\000\040\000d\000e\000\040\000L\000i\000t\000t\000l\000e}{chapter.3}% 27
\BOOKMARK [1][-]{section.3.7}{\376\377\000C\000h\000a\000i\000n\000e\000\040\000d\000e\000\040\000M\000a\000r\000k\000o\000v\000\040\000s\000u\000b\000o\000r\000d\000o\000n\000n\000\351\000e\000\040\000\340\000\040\000u\000n\000\040\000p\000r\000o\000c\000e\000s\000s\000u\000s\000\040\000d\000e\000\040\000P\000o\000i\000s\000s\000o\000n}{chapter.3}% 28
\BOOKMARK [1][-]{section.3.8}{\376\377\000L\000o\000i\000\040\000p\000h\000a\000s\000e\000-\000t\000y\000p\000e}{chapter.3}% 29
\BOOKMARK [0][-]{chapter.4}{\376\377\000M\000o\000u\000v\000e\000m\000e\000n\000t\000\040\000b\000r\000o\000w\000n\000i\000e\000n}{}% 30
\BOOKMARK [1][-]{section.4.1}{\376\377\000U\000n\000\040\000p\000e\000u\000\040\000d\000'\000h\000i\000s\000t\000o\000i\000r\000e}{chapter.4}% 31
\BOOKMARK [1][-]{section.4.2}{\376\377\000D\000\351\000f\000i\000n\000i\000t\000i\000o\000n}{chapter.4}% 32
\BOOKMARK [2][-]{subsection.4.2.1}{\376\377\000L\000e\000\040\000p\000r\000i\000n\000c\000i\000p\000e\000\040\000d\000'\000i\000n\000v\000a\000r\000i\000a\000n\000c\000e\000\040\000e\000t\000\040\000l\000e\000\040\000l\000i\000e\000n\000\040\000a\000v\000e\000c\000\040\000l\000a\000\040\000m\000a\000r\000c\000h\000e\000\040\000a\000l\000\351\000a\000t\000o\000i\000r\000e\000\040\000s\000u\000r\000\040\000Z}{section.4.2}% 33
\BOOKMARK [2][-]{subsection.4.2.2}{\376\377\000L\000e\000\040\000m\000o\000u\000v\000e\000m\000e\000n\000t\000\040\000B\000r\000o\000w\000n\000i\000e\000n\000\040\000e\000n\000\040\000t\000a\000n\000t\000\040\000q\000u\000e\000\040\000p\000r\000o\000c\000e\000s\000s\000u\000s\000\040\000g\000a\000u\000s\000s\000i\000e\000n}{section.4.2}% 34
\BOOKMARK [1][-]{section.4.3}{\376\377\000P\000r\000o\000p\000r\000i\000\351\000t\000\351\000s}{chapter.4}% 35
\BOOKMARK [2][-]{subsection.4.3.1}{\376\377\000T\000r\000a\000n\000s\000f\000o\000r\000m\000a\000t\000i\000o\000n\000\040\000d\000u\000\040\000m\000o\000u\000v\000e\000m\000e\000n\000t\000\040\000b\000r\000o\000w\000n\000i\000e\000n}{section.4.3}% 36
\BOOKMARK [2][-]{subsection.4.3.2}{\376\377\000P\000r\000o\000p\000r\000i\000\351\000t\000\351\000s\000\040\000d\000e\000\040\000M\000a\000r\000k\000o\000v}{section.4.3}% 37
\BOOKMARK [2][-]{subsection.4.3.3}{\376\377\000P\000r\000o\000p\000r\000i\000\351\000t\000\351\000\040\000d\000e\000\040\000M\000a\000r\000t\000i\000n\000g\000a\000l\000e}{section.4.3}% 38
\BOOKMARK [1][-]{section.4.4}{\376\377\000V\000a\000r\000i\000a\000n\000t\000e\000\040\000d\000u\000\040\000m\000o\000u\000v\000e\000m\000e\000n\000t\000\040\000B\000r\000o\000w\000n\000i\000e\000n\000\040\000e\000t\000\040\000a\000p\000p\000l\000i\000c\000a\000t\000i\000o\000n}{chapter.4}% 39
\BOOKMARK [2][-]{subsection.4.4.1}{\376\377\000L\000e\000\040\000m\000o\000u\000v\000e\000m\000e\000n\000t\000\040\000b\000r\000o\000w\000n\000i\000e\000n\000\040\000a\000v\000e\000c\000\040\000d\000\351\000r\000i\000v\000e}{section.4.4}% 40
\BOOKMARK [2][-]{subsection.4.4.2}{\376\377\000L\000e\000\040\000m\000o\000u\000v\000e\000m\000e\000n\000t\000\040\000b\000r\000o\000w\000n\000i\000e\000n\000\040\000g\000\351\000o\000m\000\351\000t\000r\000i\000q\000u\000e}{section.4.4}% 41
\BOOKMARK [2][-]{subsection.4.4.3}{\376\377\000L\000e\000\040\000p\000o\000n\000t\000\040\000b\000r\000o\000w\000n\000i\000e\000n}{section.4.4}% 42
\BOOKMARK [0][-]{chapter.5}{\376\377\000I\000n\000t\000\351\000g\000r\000a\000l\000e\000\040\000s\000t\000o\000c\000h\000a\000s\000t\000i\000q\000u\000e}{}% 43
\BOOKMARK [1][-]{section.5.1}{\376\377\000l\000'\000i\000n\000t\000\351\000g\000r\000a\000l\000e\000\040\000d\000e\000\040\000W\000i\000e\000n\000e\000r}{chapter.5}% 44
\BOOKMARK [2][-]{subsection.5.1.1}{\376\377\000L\000'\000e\000s\000p\000a\000c\000e\000\040\000L\0002\000\050\000[\0000\000,\000T\000]\000,\000R\000\051}{section.5.1}% 45
\BOOKMARK [2][-]{subsection.5.1.2}{\376\377\000I\000n\000t\000\351\000g\000r\000a\000l\000e\000\040\000d\000'\000u\000n\000e\000\040\000f\000o\000n\000c\000t\000i\000o\000n\000\040\000e\000n\000\040\000e\000s\000c\000a\000l\000i\000e\000r}{section.5.1}% 46
\BOOKMARK [2][-]{subsection.5.1.3}{\376\377\000C\000a\000s\000\040\000g\000\351\000n\000\351\000r\000a\000l}{section.5.1}% 47
\BOOKMARK [2][-]{subsection.5.1.4}{\376\377\000L\000'\000i\000n\000t\000\351\000g\000r\000a\000l\000e\000\040\000d\000e\000\040\000W\000i\000e\000n\000e\000r\000\040\000v\000u\000e\000\040\000c\000o\000m\000m\000e\000\040\000u\000n\000\040\000p\000r\000o\000c\000e\000s\000s\000u\000s\000\040\000g\000a\000u\000s\000s\000i\000e\000n}{section.5.1}% 48
\BOOKMARK [1][-]{section.5.2}{\376\377\000L\000'\000i\000n\000t\000\351\000g\000r\000a\000l\000e\000\040\000d\000'\000I\000t\000o}{chapter.5}% 49
\BOOKMARK [2][-]{subsection.5.2.1}{\376\377\000C\000a\000s\000\040\000d\000e\000s\000\040\000p\000r\000o\000c\000e\000s\000s\000u\000s\000\040\000\351\000t\000a\000g\000\351\000s}{section.5.2}% 50
\BOOKMARK [2][-]{subsection.5.2.2}{\376\377\000C\000a\000s\000\040\000g\000\351\000n\000\351\000r\000a\000l}{section.5.2}% 51
\BOOKMARK [1][-]{section.5.3}{\376\377\000E\000q\000u\000a\000t\000i\000o\000n\000\040\000d\000i\000f\000f\000\351\000r\000e\000n\000t\000i\000e\000l\000l\000e\000\040\000s\000t\000o\000c\000h\000a\000s\000t\000i\000q\000u\000e}{chapter.5}% 52
\BOOKMARK [2][-]{subsection.5.3.1}{\376\377\000P\000r\000o\000c\000e\000s\000s\000u\000s\000\040\000d\000'\000I\000t\000o\000\040\000e\000t\000\040\000l\000e\000m\000m\000e\000\040\000d\000'\000I\000t\000o}{section.5.3}% 53
\BOOKMARK [2][-]{subsection.5.3.2}{\376\377\000S\000c\000h\000\351\000m\000a\000\040\000d\000'\000E\000u\000l\000e\000r\000-\000M\000a\000r\000u\000y\000a\000m\000a}{section.5.3}% 54
\BOOKMARK [1][-]{section.5.4}{\376\377\000C\000h\000a\000n\000g\000e\000m\000e\000n\000t\000\040\000d\000e\000\040\000p\000r\000o\000b\000a\000b\000i\000l\000i\000t\000\351\000\040\000e\000t\000\040\000t\000h\000\351\000o\000r\000\350\000m\000e\000\040\000d\000e\000\040\000G\000i\000r\000s\000a\000n\000o\000v}{chapter.5}% 55
\BOOKMARK [2][-]{subsection.5.4.1}{\376\377\000C\000h\000a\000n\000g\000e\000m\000e\000n\000t\000\040\000d\000e\000\040\000p\000r\000o\000b\000a\000b\000i\000l\000i\000t\000\351}{section.5.4}% 56
\BOOKMARK [2][-]{subsection.5.4.2}{\376\377\000T\000h\000e\000o\000r\000\350\000m\000e\000\040\000d\000e\000\040\000G\000i\000r\000s\000a\000n\000o\000v}{section.5.4}% 57
\BOOKMARK [0][-]{chapter.6}{\376\377\000A\000p\000p\000l\000i\000c\000a\000t\000i\000o\000n\000s\000\040\000e\000n\000\040\000m\000a\000t\000h\000\351\000m\000a\000t\000i\000q\000u\000e\000\040\000f\000i\000n\000a\000n\000c\000i\000\350\000r\000e}{}% 58
\BOOKMARK [1][-]{section.6.1}{\376\377\000U\000n\000\040\000p\000r\000e\000m\000i\000e\000r\000\040\000m\000o\000d\000\350\000l\000e\000\040\000d\000e\000\040\000m\000a\000t\000h\000\351\000m\000a\000t\000i\000q\000u\000e\000\040\000f\000i\000n\000a\000n\000c\000i\000\350\000r\000e}{chapter.6}% 59
\BOOKMARK [2][-]{subsection.6.1.1}{\376\377\000N\000o\000t\000i\000o\000n\000s\000\040\000d\000e\000\040\000f\000i\000n\000a\000n\000c\000e\000\040\000d\000e\000\040\000m\000a\000r\000c\000h\000\351}{section.6.1}% 60
\BOOKMARK [2][-]{subsection.6.1.2}{\376\377\000L\000e\000\040\000m\000o\000d\000\350\000l\000e\000\040\000b\000i\000n\000o\000m\000i\000a\000l}{section.6.1}% 61
\BOOKMARK [2][-]{subsection.6.1.3}{\376\377\000L\000e\000\040\000m\000o\000d\000\350\000l\000e\000\040\000d\000e\000\040\000C\000o\000x\000-\000R\000o\000s\000s\000-\000R\000u\000b\000i\000n\000s\000t\000e\000i\000n}{section.6.1}% 62
\BOOKMARK [1][-]{section.6.2}{\376\377\000L\000e\000\040\000m\000o\000d\000\350\000l\000e\000\040\000d\000e\000\040\000B\000l\000a\000c\000k\000-\000S\000c\000h\000o\000l\000e\000s\000-\000\050\000M\000e\000r\000t\000o\000n\000\051}{chapter.6}% 63
\BOOKMARK [2][-]{subsection.6.2.1}{\376\377\000L\000e\000\040\000S\000e\000t\000\040\000u\000p}{section.6.2}% 64
\BOOKMARK [2][-]{subsection.6.2.2}{\376\377\000L\000a\000\040\000f\000o\000r\000m\000u\000l\000e\000\040\000d\000e\000\040\000B\000l\000a\000c\000k\000-\000S\000c\000h\000o\000l\000e\000s}{section.6.2}% 65
\BOOKMARK [2][-]{subsection.6.2.3}{\376\377\000I\000n\000t\000e\000r\000p\000r\000\351\000t\000a\000t\000i\000o\000n\000\040\000v\000i\000a\000\040\000l\000a\000\040\000p\000r\000o\000b\000a\000b\000i\000l\000i\000t\000\351\000\040\000r\000i\000s\000q\000u\000e\000-\000n\000e\000u\000t\000r\000e}{section.6.2}% 66
